<?xml version="1.0" encoding="UTF-8"?>
<!-- Generated by org.testng.reporters.JUnitReportReporter -->
<testsuite hostname="Onkar" failures="0" tests="5" name="runners.TestRunner" time="181.112" errors="0" timestamp="2023-07-12T19:08:23 IST" skipped="0">
  <testcase classname="runners.TestRunner" name="runScenario" time="35.307"/>
  <system-out/>
  <testcase classname="runners.TestRunner" name="runScenario" time="37.503"/>
  <system-out/>
  <testcase classname="runners.TestRunner" name="runScenario" time="36.902"/>
  <system-out/>
  <testcase classname="runners.TestRunner" name="runScenario" time="35.495"/>
  <system-out/>
  <testcase classname="runners.TestRunner" name="runScenario" time="35.905"/>
  <system-out/>
</testsuite> <!-- runners.TestRunner -->
