<?xml version="1.0" encoding="UTF-8"?>
<!-- Generated by org.testng.reporters.JUnitReportReporter -->
<testsuite hostname="Onkar" failures="0" tests="1" name="runners.FailedTestRunner" time="37.441" errors="0" timestamp="2023-07-12T19:02:24 IST" skipped="0">
  <testcase classname="runners.FailedTestRunner" name="runScenario" time="37.441"/>
  <system-out/>
</testsuite> <!-- runners.FailedTestRunner -->
